Determining if the pthread_create exist failed with the following output:
Change Dir: /home/hydrosharks2/workspaceRos/build/CMakeFiles/CMakeTmp

Run Build Command:"/usr/bin/make" "cmTC_359da/fast"
/usr/bin/make -f CMakeFiles/cmTC_359da.dir/build.make CMakeFiles/cmTC_359da.dir/build
make[1]: Entering directory '/home/hydrosharks2/workspaceRos/build/CMakeFiles/CMakeTmp'
Building C object CMakeFiles/cmTC_359da.dir/CheckSymbolExists.c.o
/usr/bin/cc    -o CMakeFiles/cmTC_359da.dir/CheckSymbolExists.c.o   -c /home/hydrosharks2/workspaceRos/build/CMakeFiles/CMakeTmp/CheckSymbolExists.c
Linking C executable cmTC_359da
/usr/bin/cmake -E cmake_link_script CMakeFiles/cmTC_359da.dir/link.txt --verbose=1
/usr/bin/cc      -rdynamic CMakeFiles/cmTC_359da.dir/CheckSymbolExists.c.o  -o cmTC_359da 
CMakeFiles/cmTC_359da.dir/CheckSymbolExists.c.o: In function `main':
CheckSymbolExists.c:(.text+0x1b): undefined reference to `pthread_create'
collect2: error: ld returned 1 exit status
CMakeFiles/cmTC_359da.dir/build.make:97: recipe for target 'cmTC_359da' failed
make[1]: *** [cmTC_359da] Error 1
make[1]: Leaving directory '/home/hydrosharks2/workspaceRos/build/CMakeFiles/CMakeTmp'
Makefile:126: recipe for target 'cmTC_359da/fast' failed
make: *** [cmTC_359da/fast] Error 2

File /home/hydrosharks2/workspaceRos/build/CMakeFiles/CMakeTmp/CheckSymbolExists.c:
/* */
#include <pthread.h>

int main(int argc, char** argv)
{
  (void)argv;
#ifndef pthread_create
  return ((int*)(&pthread_create))[argc];
#else
  (void)argc;
  return 0;
#endif
}

Determining if the function pthread_create exists in the pthreads failed with the following output:
Change Dir: /home/hydrosharks2/workspaceRos/build/CMakeFiles/CMakeTmp

Run Build Command:"/usr/bin/make" "cmTC_80a94/fast"
/usr/bin/make -f CMakeFiles/cmTC_80a94.dir/build.make CMakeFiles/cmTC_80a94.dir/build
make[1]: Entering directory '/home/hydrosharks2/workspaceRos/build/CMakeFiles/CMakeTmp'
Building C object CMakeFiles/cmTC_80a94.dir/CheckFunctionExists.c.o
/usr/bin/cc   -DCHECK_FUNCTION_EXISTS=pthread_create   -o CMakeFiles/cmTC_80a94.dir/CheckFunctionExists.c.o   -c /usr/share/cmake-3.10/Modules/CheckFunctionExists.c
Linking C executable cmTC_80a94
/usr/bin/cmake -E cmake_link_script CMakeFiles/cmTC_80a94.dir/link.txt --verbose=1
/usr/bin/cc  -DCHECK_FUNCTION_EXISTS=pthread_create    -rdynamic CMakeFiles/cmTC_80a94.dir/CheckFunctionExists.c.o  -o cmTC_80a94 -lpthreads 
/usr/bin/ld: cannot find -lpthreads
collect2: error: ld returned 1 exit status
CMakeFiles/cmTC_80a94.dir/build.make:97: recipe for target 'cmTC_80a94' failed
make[1]: *** [cmTC_80a94] Error 1
make[1]: Leaving directory '/home/hydrosharks2/workspaceRos/build/CMakeFiles/CMakeTmp'
Makefile:126: recipe for target 'cmTC_80a94/fast' failed
make: *** [cmTC_80a94/fast] Error 2


